<?xml version="1.0" encoding="UTF-8"?>
<testsuite xmlns:xsi="http://www.w3.org/2001/XMLSchema-instance" xsi:noNamespaceSchemaLocation="https://maven.apache.org/surefire/maven-surefire-plugin/xsd/surefire-test-report-3.0.xsd" version="3.0" name="baseautomatizacion.Test" time="0.005" tests="0" errors="0" skipped="0" failures="0">
  <properties>
    <property name="java.specification.version" value="21"/>
    <property name="sun.cpu.isalist" value="amd64"/>
    <property name="sun.jnu.encoding" value="Cp1252"/>
    <property name="java.class.path" value="D:\automatizacion\target\test-classes;D:\automatizacion\target\classes;"/>
    <property name="java.vm.vendor" value="Oracle Corporation"/>
    <property name="sun.arch.data.model" value="64"/>
    <property name="user.variant" value=""/>
    <property name="java.vendor.url" value="https://java.oracle.com/"/>
    <property name="user.timezone" value="America/Bogota"/>
    <property name="os.name" value="Windows 10"/>
    <property name="java.vm.specification.version" value="21"/>
    <property name="sun.java.launcher" value="SUN_STANDARD"/>
    <property name="user.country" value="CO"/>
    <property name="sun.boot.library.path" value="C:\Program Files\Java\jdk-21\bin"/>
    <property name="sun.java.command" value="C:\Users\jairsanchez\AppData\Local\Temp\surefire6113283980246873944\surefirebooter-20241228171955253_3.jar C:\Users\jairsanchez\AppData\Local\Temp\surefire6113283980246873944 2024-12-28T17-19-54_536-jvmRun1 surefire-20241228171955253_1tmp surefire_0-20241228171955253_2tmp"/>
    <property name="jdk.debug" value="release"/>
    <property name="surefire.test.class.path" value="D:\automatizacion\target\test-classes;D:\automatizacion\target\classes;"/>
    <property name="sun.cpu.endian" value="little"/>
    <property name="user.home" value="C:\Users\jairsanchez"/>
    <property name="user.language" value="es"/>
    <property name="java.specification.vendor" value="Oracle Corporation"/>
    <property name="java.version.date" value="2023-09-19"/>
    <property name="java.home" value="C:\Program Files\Java\jdk-21"/>
    <property name="file.separator" value="\"/>
    <property name="basedir" value="D:\automatizacion"/>
    <property name="style.color" value="always"/>
    <property name="java.vm.compressedOopsMode" value="Zero based"/>
    <property name="line.separator" value="&#10;"/>
    <property name="java.vm.specification.vendor" value="Oracle Corporation"/>
    <property name="java.specification.name" value="Java Platform API Specification"/>
    <property name="surefire.real.class.path" value="C:\Users\jairsanchez\AppData\Local\Temp\surefire6113283980246873944\surefirebooter-20241228171955253_3.jar"/>
    <property name="user.script" value=""/>
    <property name="sun.management.compiler" value="HotSpot 64-Bit Tiered Compilers"/>
    <property name="java.runtime.version" value="21+35-LTS-2513"/>
    <property name="user.name" value="jairsanchez"/>
    <property name="stdout.encoding" value="Cp1252"/>
    <property name="path.separator" value=";"/>
    <property name="os.version" value="10.0"/>
    <property name="java.runtime.name" value="Java(TM) SE Runtime Environment"/>
    <property name="file.encoding" value="UTF-8"/>
    <property name="java.vm.name" value="Java HotSpot(TM) 64-Bit Server VM"/>
    <property name="localRepository" value="C:\Users\jairsanchez\.m2\repository"/>
    <property name="java.vendor.url.bug" value="https://bugreport.java.com/bugreport/"/>
    <property name="java.io.tmpdir" value="C:\Users\JAIRSA~1\AppData\Local\Temp\"/>
    <property name="java.version" value="21"/>
    <property name="user.dir" value="D:\automatizacion"/>
    <property name="os.arch" value="amd64"/>
    <property name="java.vm.specification.name" value="Java Virtual Machine Specification"/>
    <property name="sun.os.patch.level" value=""/>
    <property name="native.encoding" value="Cp1252"/>
    <property name="java.library.path" value="C:\Program Files\Java\jdk-21\bin;C:\Windows\Sun\Java\bin;C:\Windows\system32;C:\Windows;C:\Python312\Scripts\;C:\Python312\;C:\Program Files\Common Files\Oracle\Java\javapath;C:\Windows\system32;C:\Windows;C:\Windows\System32\Wbem;C:\Windows\System32\WindowsPowerShell\v1.0\;C:\Windows\System32\OpenSSH\;C:\Program Files\dotnet\;C:\Program Files\Java\jdk-21\bin;C:\Program Files\apache-maven-3.9.4\bin;&quot;C:\Windows\system32;C:\Windows;C:\Windows\System32\Wbem&quot;;C:\Program Files\Microsoft SQL Server\150\Tools\Binn\;C:\Program Files\Docker\Docker\resources\bin;C:\Program Files\Microsoft SQL Server\Client SDK\ODBC\170\Tools\Binn\;C:\Users\jairsanchez\AppData\Local\Android\Sdk\tools;C:\Users\jairsanchez\AppData\Local\Android\Sdk\platform-tools;&quot;C:\Program Files\Java\jdk-21\bin;C:\Users\jairsanchez\AppData\Local\Android\Sdk\platform-tools\;C:\Users\jairsanchez\AppData\Local\Android\Sdk\build-tools\;C:\Users\jairsanchez\AppData\Local\Android\Sdk\tools\;C:\Program Files\Android\Android Studio\bin&quot;;C:\Program Files\Git\cmd;C:\Program Files\nodejs\;C:\ProgramData\chocolatey\bin;C:\Users\jairsanchez\AppData\Local\Android\Sdk\tools\bin;C:\Users\jairsanchez\AppData\Local\Android\Sdk\emulator;C:\Users\jairsanchez\AppData\Local\Microsoft\WindowsApps;C:\Users\jairsanchez\AppData\Local\Programs\Git\cmd;C:\Users\jairsanchez\AppData\Local\Programs\Microsoft VS Code\bin;C:\Users\jairsanchez\AppData\Local\JetBrains\IntelliJ IDEA Community Edition 2023.2.2\bin;;C:\Users\jairsanchez\AppData\Roaming\npm;."/>
    <property name="java.vm.info" value="mixed mode, sharing"/>
    <property name="stderr.encoding" value="Cp1252"/>
    <property name="java.vendor" value="Oracle Corporation"/>
    <property name="java.vm.version" value="21+35-LTS-2513"/>
    <property name="sun.io.unicode.encoding" value="UnicodeLittle"/>
    <property name="java.class.version" value="65.0"/>
  </properties>
</testsuite>