<?xml version="1.0" encoding="UTF-8"?>
<!-- Generated by org.testng.reporters.JUnitReportReporter -->
<testsuite hostname="PE-HO-594" failures="0" tests="1" name="runtTest.ClassMain" time="24.417" errors="0" timestamp="2024-12-30T12:44:30 COT" skipped="0">
  <testcase classname="runtTest.ClassMain" name="test1" time="24.417"/>
</testsuite> <!-- runtTest.ClassMain -->
